{
  "RSpec": {
    "coverage": {
      "/Users/souravrai/Desktop/Selise-Prob/MyFirstAssignment/MFA/spec/requests/products_spec.rb": {
        "lines": [
          null,
          null,
          1,
          null,
          1,
          2,
          2,
          null,
          1,
          1,
          1,
          1,
          null,
          1,
          1,
          1,
          null,
          1,
          0,
          null,
          null,
          null,
          1,
          1,
          0,
          0,
          null,
          null,
          null,
          null,
          1,
          0,
          0,
          null,
          null,
          null,
          1,
          1,
          0,
          null,
          1,
          0,
          null,
          1,
          0,
          0,
          null,
          null,
          null,
          null,
          1,
          1,
          0,
          null,
          1,
          0,
          null,
          1,
          0,
          0,
          null,
          1,
          0,
          null,
          null,
          null,
          null
        ]
      },
      "/Users/souravrai/Desktop/Selise-Prob/MyFirstAssignment/MFA/spec/rails_helper.rb": {
        "lines": [
          null,
          null,
          null,
          1,
          1,
          1,
          null,
          1,
          1,
          1,
          null,
          null,
          null,
          null,
          null,
          null,
          null,
          null,
          null,
          null,
          null,
          null,
          null,
          null,
          null,
          null,
          2,
          null,
          null,
          null,
          null,
          1,
          null,
          0,
          null,
          null,
          1,
          null,
          1,
          null,
          null,
          null,
          null,
          1,
          null,
          null,
          null,
          1,
          null,
          null,
          null,
          1,
          1,
          1,
          null,
          null,
          null,
          null,
          1,
          1,
          1,
          null,
          null,
          null,
          null,
          1,
          null,
          null,
          null,
          null,
          null,
          null,
          null,
          null,
          null,
          null,
          null,
          null,
          null,
          null,
          null,
          null,
          null,
          1,
          null,
          null,
          1,
          null,
          null,
          null,
          null,
          1,
          1,
          1,
          1,
          null,
          null
        ]
      },
      "/Users/souravrai/Desktop/Selise-Prob/MyFirstAssignment/MFA/config/environment.rb": {
        "lines": [
          null,
          null,
          null,
          1,
          null,
          null,
          1
        ]
      },
      "/Users/souravrai/Desktop/Selise-Prob/MyFirstAssignment/MFA/config/application.rb": {
        "lines": [
          null,
          null,
          1,
          null,
          1,
          null,
          null,
          null,
          1,
          null,
          1,
          1,
          null,
          1,
          null,
          null,
          null,
          null,
          null,
          null,
          null,
          null,
          null,
          null,
          null,
          null,
          1,
          1,
          1,
          1,
          null,
          null
        ]
      },
      "/Users/souravrai/Desktop/Selise-Prob/MyFirstAssignment/MFA/config/boot.rb": {
        "lines": [
          null,
          null,
          1,
          null,
          1,
          1
        ]
      },
      "/Users/souravrai/Desktop/Selise-Prob/MyFirstAssignment/MFA/config/environments/test.rb": {
        "lines": [
          null,
          null,
          1,
          null,
          null,
          null,
          null,
          null,
          null,
          1,
          null,
          null,
          null,
          1,
          null,
          null,
          null,
          null,
          1,
          null,
          null,
          1,
          1,
          null,
          null,
          null,
          null,
          1,
          1,
          1,
          null,
          null,
          1,
          null,
          null,
          1,
          null,
          null,
          1,
          null,
          1,
          null,
          null,
          null,
          null,
          1,
          null,
          null,
          1,
          null,
          null,
          1,
          null,
          null,
          1,
          null,
          null,
          null,
          null,
          null,
          null,
          null
        ]
      },
      "/Users/souravrai/Desktop/Selise-Prob/MyFirstAssignment/MFA/config/initializers/cors.rb": {
        "lines": [
          null,
          null,
          null,
          null,
          null,
          null,
          null,
          null,
          null,
          null,
          null,
          null,
          null,
          null,
          null,
          null,
          null
        ]
      },
      "/Users/souravrai/Desktop/Selise-Prob/MyFirstAssignment/MFA/config/initializers/filter_parameter_logging.rb": {
        "lines": [
          null,
          null,
          null,
          null,
          null,
          null,
          null,
          1,
          null,
          null
        ]
      },
      "/Users/souravrai/Desktop/Selise-Prob/MyFirstAssignment/MFA/config/initializers/inflections.rb": {
        "lines": [
          null,
          null,
          null,
          null,
          null,
          null,
          null,
          null,
          null,
          null,
          null,
          null,
          null,
          null,
          null,
          null,
          null
        ]
      },
      "/Users/souravrai/Desktop/Selise-Prob/MyFirstAssignment/MFA/spec/factories/order.rb": {
        "lines": [
          null,
          null,
          1,
          1,
          1,
          1,
          1,
          1,
          null,
          null
        ]
      },
      "/Users/souravrai/Desktop/Selise-Prob/MyFirstAssignment/MFA/spec/factories/outlet.rb": {
        "lines": [
          null,
          null,
          1,
          1,
          1,
          1,
          null,
          null
        ]
      },
      "/Users/souravrai/Desktop/Selise-Prob/MyFirstAssignment/MFA/spec/factories/outlet_product.rb": {
        "lines": [
          null,
          null,
          1,
          1,
          1,
          1,
          null,
          null
        ]
      },
      "/Users/souravrai/Desktop/Selise-Prob/MyFirstAssignment/MFA/spec/factories/product.rb": {
        "lines": [
          null,
          null,
          1,
          1,
          1,
          1,
          1,
          1,
          1,
          null,
          null
        ]
      },
      "/Users/souravrai/Desktop/Selise-Prob/MyFirstAssignment/MFA/spec/factories/user.rb": {
        "lines": [
          null,
          null,
          1,
          1,
          3,
          3,
          3,
          1,
          3,
          null,
          null
        ]
      },
      "/Users/souravrai/Desktop/Selise-Prob/MyFirstAssignment/MFA/config/routes.rb": {
        "lines": [
          null,
          null,
          1,
          1,
          1,
          1,
          1,
          1,
          1,
          1,
          1,
          null
        ]
      },
      "/Users/souravrai/Desktop/Selise-Prob/MyFirstAssignment/MFA/spec/support/json_helper.rb": {
        "lines": [
          null,
          null,
          1,
          1,
          1,
          1,
          null,
          null,
          1,
          1,
          1,
          null,
          null
        ]
      },
      "/Users/souravrai/Desktop/Selise-Prob/MyFirstAssignment/MFA/app/models/user.rb": {
        "lines": [
          null,
          null,
          1,
          1,
          1,
          null,
          1,
          null,
          null,
          null,
          null,
          null,
          1,
          1,
          null,
          1,
          null,
          1,
          1,
          null,
          1,
          1,
          null,
          null,
          1,
          2,
          null,
          null,
          1,
          2,
          null,
          null,
          1,
          5,
          2,
          null,
          null,
          null,
          null
        ]
      },
      "/Users/souravrai/Desktop/Selise-Prob/MyFirstAssignment/MFA/app/models/application_record.rb": {
        "lines": [
          null,
          null,
          1,
          1,
          null
        ]
      },
      "/Users/souravrai/Desktop/Selise-Prob/MyFirstAssignment/MFA/app/controllers/users_controller.rb": {
        "lines": [
          null,
          null,
          1,
          1,
          0,
          0,
          0,
          0,
          null,
          null,
          0,
          null,
          null,
          1,
          2,
          2,
          2,
          2,
          null,
          0,
          null,
          null,
          1,
          0,
          0,
          null,
          null,
          1,
          null,
          1,
          4,
          null,
          1,
          0,
          null,
          null
        ]
      },
      "/Users/souravrai/Desktop/Selise-Prob/MyFirstAssignment/MFA/app/controllers/application_controller.rb": {
        "lines": [
          null,
          null,
          1,
          1,
          null,
          null,
          null,
          null,
          null,
          null,
          null,
          null,
          null,
          null,
          null,
          null,
          null,
          null,
          null,
          null,
          null,
          1,
          1,
          null,
          null,
          null,
          null
        ]
      },
      "/Users/souravrai/Desktop/Selise-Prob/MyFirstAssignment/MFA/app/controllers/products_controller.rb": {
        "lines": [
          null,
          1,
          1,
          0,
          0,
          0,
          null,
          1,
          0,
          0,
          null,
          null,
          1,
          0,
          null,
          1,
          1,
          1,
          1,
          1,
          0,
          0,
          null,
          1,
          1,
          null,
          null,
          null,
          0,
          null,
          null,
          null,
          1,
          0,
          0,
          null,
          0,
          null,
          null,
          1,
          1,
          1,
          null,
          null,
          null
        ]
      },
      "/Users/souravrai/Desktop/Selise-Prob/MyFirstAssignment/MFA/app/models/product.rb": {
        "lines": [
          null,
          null,
          1,
          1,
          1,
          1,
          null,
          1,
          1,
          null,
          null,
          null
        ]
      }
    },
    "timestamp": 1691141835
  }
}
